<?xml version="1.0" encoding="UTF-8"?>
<testng-results ignored="0" total="2" passed="2" failed="0" skipped="0">
  <reporter-output>
  </reporter-output>
  <suite started-at="2022-01-06T20:35:07 WIB" name="Default suite" finished-at="2022-01-06T20:35:35 WIB" duration-ms="28599">
    <groups>
    </groups>
    <test started-at="2022-01-06T20:35:07 WIB" name="Default test" finished-at="2022-01-06T20:35:35 WIB" duration-ms="28599">
      <class name="com.jc.testappium.TestingCalc">
        <test-method is-config="true" signature="reportSetup()[pri:0, instance:com.jc.testappium.TestingCalc@16a0ee18]" started-at="2022-01-06T20:35:06 WIB" name="reportSetup" finished-at="2022-01-06T20:35:07 WIB" duration-ms="808" status="PASS">
          <reporter-output>
          </reporter-output>
        </test-method> <!-- reportSetup -->
        <test-method is-config="true" signature="openCalculator()[pri:0, instance:com.jc.testappium.TestingCalc@16a0ee18]" started-at="2022-01-06T20:35:07 WIB" name="openCalculator" finished-at="2022-01-06T20:35:22 WIB" duration-ms="15002" status="PASS">
          <reporter-output>
          </reporter-output>
        </test-method> <!-- openCalculator -->
        <test-method signature="tes1Tambah()[pri:0, instance:com.jc.testappium.TestingCalc@16a0ee18]" started-at="2022-01-06T20:35:22 WIB" name="tes1Tambah" finished-at="2022-01-06T20:35:29 WIB" duration-ms="7246" status="PASS">
          <reporter-output>
          </reporter-output>
        </test-method> <!-- tes1Tambah -->
        <test-method signature="tes2Perkalian()[pri:0, instance:com.jc.testappium.TestingCalc@16a0ee18]" started-at="2022-01-06T20:35:29 WIB" name="tes2Perkalian" finished-at="2022-01-06T20:35:35 WIB" duration-ms="6227" status="PASS">
          <reporter-output>
          </reporter-output>
        </test-method> <!-- tes2Perkalian -->
        <test-method is-config="true" signature="reportTeardown()[pri:0, instance:com.jc.testappium.TestingCalc@16a0ee18]" started-at="2022-01-06T20:35:35 WIB" name="reportTeardown" finished-at="2022-01-06T20:35:37 WIB" duration-ms="1293" status="PASS">
          <reporter-output>
          </reporter-output>
        </test-method> <!-- reportTeardown -->
      </class> <!-- com.jc.testappium.TestingCalc -->
    </test> <!-- Default test -->
  </suite> <!-- Default suite -->
</testng-results>
